#
# There is insufficient memory for the Java Runtime Environment to continue.
# Native memory allocation (mmap) failed to map 1073741824 bytes. Error detail: G1 virtual space
# Possible reasons:
#   The system is out of physical RAM or swap space
#   This process is running with CompressedOops enabled, and the Java Heap may be blocking the growth of the native heap
# Possible solutions:
#   Reduce memory load on the system
#   Increase physical memory or swap space
#   Check if swap backing store is full
#   Decrease Java heap size (-Xmx/-Xms)
#   Decrease number of Java threads
#   Decrease Java thread stack sizes (-Xss)
#   Set larger code cache with -XX:ReservedCodeCacheSize=
#   JVM is running with Zero Based Compressed Oops mode in which the Java heap is
#     placed in the first 32GB address space. The Java Heap base address is the
#     maximum limit for the native heap growth. Please use -XX:HeapBaseMinAddress
#     to set the Java Heap base and to place the Java Heap above 32GB virtual address.
# This output file may be truncated or incomplete.
#
#  Out of Memory Error (os_windows.cpp:3613), pid=40568, tid=41200
#
# JRE version:  (17.0.11+9) (build )
# Java VM: OpenJDK 64-Bit Server VM (17.0.11+9-LTS, mixed mode, sharing, tiered, compressed oops, compressed class ptrs, g1 gc, windows-amd64)
# No core dump will be written. Minidumps are not enabled by default on client versions of Windows
#

---------------  S U M M A R Y ------------

Command Line: -Dnet.bytebuddy.agent.attacher.dump= net.bytebuddy.agent.Attacher com.sun.tools.attach.VirtualMachine 10288 C:\Users\ReddyJ\.gradle\caches\modules-2\files-2.1\net.bytebuddy\byte-buddy-agent\1.14.10\90ed94ac044ea8953b224304c762316e91fd6b31\byte-buddy-agent-1.14.10.jar false 

Host: 11th Gen Intel(R) Core(TM) i7-1165G7 @ 2.80GHz, 8 cores, 63G,  Windows 11 , 64 bit Build 22621 (10.0.22621.3672)
Time: Wed Jun 26 13:44:16 2024 GMT Summer Time elapsed time: 0.030953 seconds (0d 0h 0m 0s)

---------------  T H R E A D  ---------------

Current thread (0x0000014db5dc8150):  JavaThread "Unknown thread" [_thread_in_vm, id=41200, stack(0x0000002304100000,0x0000002304200000)]

Stack: [0x0000002304100000,0x0000002304200000]
Native frames: (J=compiled Java code, j=interpreted, Vv=VM code, C=native code)
V  [jvm.dll+0x67d009]
V  [jvm.dll+0x83489a]
V  [jvm.dll+0x83635e]
V  [jvm.dll+0x8369c3]
V  [jvm.dll+0x2479df]
V  [jvm.dll+0x679e49]
V  [jvm.dll+0x66e8ba]
V  [jvm.dll+0x30755b]
V  [jvm.dll+0x30ea06]
V  [jvm.dll+0x35e40e]
V  [jvm.dll+0x35e63f]
V  [jvm.dll+0x2de298]
V  [jvm.dll+0x2df204]
V  [jvm.dll+0x806221]
V  [jvm.dll+0x36c161]
V  [jvm.dll+0x7e4c56]
V  [jvm.dll+0x3ef9cf]
V  [jvm.dll+0x3f1521]
C  [jli.dll+0x528f]
C  [ucrtbase.dll+0x29333]
C  [KERNEL32.DLL+0x1257d]
C  [ntdll.dll+0x5af28]


---------------  P R O C E S S  ---------------

Threads class SMR info:
_java_thread_list=0x00007ffca506eed8, length=0, elements={
}

Java Threads: ( => current thread )

Other Threads:
  0x0000014df29a6c40 GCTaskThread "GC Thread#0" [stack: 0x0000002304200000,0x0000002304300000] [id=20764]
  0x0000014df29b7710 ConcurrentGCThread "G1 Main Marker" [stack: 0x0000002304300000,0x0000002304400000] [id=36120]
  0x0000014df29b9050 ConcurrentGCThread "G1 Conc#0" [stack: 0x0000002304400000,0x0000002304500000] [id=28188]

[error occurred during error reporting (printing all threads), id 0xc0000005, EXCEPTION_ACCESS_VIOLATION (0xc0000005) at pc=0x00007ffca482ecd7]

VM state: not at safepoint (not fully initialized)

VM Mutex/Monitor currently owned by a thread:  ([mutex/lock_event])
[0x0000014db5dc4050] Heap_lock - owner thread: 0x0000014db5dc8150

Heap address: 0x0000000404800000, size: 16312 MB, Compressed Oops mode: Zero based, Oop shift amount: 3

CDS archive(s) mapped at: [0x0000000000000000-0x0000000000000000-0x0000000000000000), size 0, SharedBaseAddress: 0x0000000800000000, ArchiveRelocationMode: 1.
Narrow klass base: 0x0000000000000000, Narrow klass shift: 0, Narrow klass range: 0x0

GC Precious Log:
<Empty>

Heap:
 garbage-first heap   total 0K, used 0K [0x0000000404800000, 0x0000000800000000)
  region size 8192K, 0 young (0K), 0 survivors (0K)

[error occurred during error reporting (printing heap information), id 0xc0000005, EXCEPTION_ACCESS_VIOLATION (0xc0000005) at pc=0x00007ffca4c16d29]

GC Heap History (0 events):
No events

Dll operation events (1 events):
Event: 0.022 Loaded shared library C:\Users\ReddyJ\.jdks\corretto-17.0.11\bin\java.dll

Deoptimization events (0 events):
No events

Classes unloaded (0 events):
No events

Classes redefined (0 events):
No events

Internal exceptions (0 events):
No events

VM Operations (0 events):
No events

Events (0 events):
No events


Dynamic libraries:
0x00007ff611fb0000 - 0x00007ff611fbe000 	C:\Users\ReddyJ\.jdks\corretto-17.0.11\bin\java.exe
0x00007ffd41c70000 - 0x00007ffd41e87000 	C:\WINDOWS\SYSTEM32\ntdll.dll
0x00007ffd410f0000 - 0x00007ffd411b4000 	C:\WINDOWS\System32\KERNEL32.DLL
0x00007ffd3f020000 - 0x00007ffd3f3cc000 	C:\WINDOWS\System32\KERNELBASE.dll
0x00007ffd3f550000 - 0x00007ffd3f661000 	C:\WINDOWS\System32\ucrtbase.dll
0x00007ffd0e6e0000 - 0x00007ffd0e6f7000 	C:\Users\ReddyJ\.jdks\corretto-17.0.11\bin\jli.dll
0x00007ffd07310000 - 0x00007ffd0732b000 	C:\Users\ReddyJ\.jdks\corretto-17.0.11\bin\VCRUNTIME140.dll
0x00007ffd41200000 - 0x00007ffd413ae000 	C:\WINDOWS\System32\USER32.dll
0x00007ffd3f4f0000 - 0x00007ffd3f516000 	C:\WINDOWS\System32\win32u.dll
0x00007ffd415b0000 - 0x00007ffd415d9000 	C:\WINDOWS\System32\GDI32.dll
0x00007ffd3f3d0000 - 0x00007ffd3f4e9000 	C:\WINDOWS\System32\gdi32full.dll
0x00007ffd1a340000 - 0x00007ffd1a5d3000 	C:\WINDOWS\WinSxS\amd64_microsoft.windows.common-controls_6595b64144ccf1df_6.0.22621.3672_none_2713b9d173822955\COMCTL32.dll
0x00007ffd3f670000 - 0x00007ffd3f70a000 	C:\WINDOWS\System32\msvcp_win.dll
0x00007ffd40cb0000 - 0x00007ffd40d57000 	C:\WINDOWS\System32\msvcrt.dll
0x00007ffd40b10000 - 0x00007ffd40b41000 	C:\WINDOWS\System32\IMM32.DLL
0x00007ffd3d5c0000 - 0x00007ffd3d75f000 	C:\Program Files\Avecto\Privilege Guard Client\PGHook.dll
0x00007ffd41af0000 - 0x00007ffd41ba2000 	C:\WINDOWS\System32\ADVAPI32.dll
0x00007ffd40890000 - 0x00007ffd4093a000 	C:\WINDOWS\System32\sechost.dll
0x00007ffd3f520000 - 0x00007ffd3f548000 	C:\WINDOWS\System32\bcrypt.dll
0x00007ffd419d0000 - 0x00007ffd41ae5000 	C:\WINDOWS\System32\RPCRT4.dll
0x00007ffd245a0000 - 0x00007ffd245ac000 	C:\Users\ReddyJ\.jdks\corretto-17.0.11\bin\vcruntime140_1.dll
0x00007ffcc5710000 - 0x00007ffcc579d000 	C:\Users\ReddyJ\.jdks\corretto-17.0.11\bin\msvcp140.dll
0x00007ffca4540000 - 0x00007ffca51a2000 	C:\Users\ReddyJ\.jdks\corretto-17.0.11\bin\server\jvm.dll
0x00007ffd3dd00000 - 0x00007ffd3dd4d000 	C:\WINDOWS\SYSTEM32\POWRPROF.dll
0x00007ffd1b1e0000 - 0x00007ffd1b1e9000 	C:\WINDOWS\SYSTEM32\WSOCK32.dll
0x00007ffd41bb0000 - 0x00007ffd41c21000 	C:\WINDOWS\System32\WS2_32.dll
0x00007ffd39c00000 - 0x00007ffd39c34000 	C:\WINDOWS\SYSTEM32\WINMM.dll
0x00007ffd39bb0000 - 0x00007ffd39bba000 	C:\WINDOWS\SYSTEM32\VERSION.dll
0x00007ffd3dce0000 - 0x00007ffd3dcf3000 	C:\WINDOWS\SYSTEM32\UMPDC.dll
0x00007ffd3df90000 - 0x00007ffd3dfa8000 	C:\WINDOWS\SYSTEM32\kernel.appcore.dll
0x00007ffd24580000 - 0x00007ffd2458a000 	C:\Users\ReddyJ\.jdks\corretto-17.0.11\bin\jimage.dll
0x00007ffd3c500000 - 0x00007ffd3c732000 	C:\WINDOWS\SYSTEM32\DBGHELP.DLL
0x00007ffd40d60000 - 0x00007ffd410e8000 	C:\WINDOWS\System32\combase.dll
0x00007ffd418a0000 - 0x00007ffd41977000 	C:\WINDOWS\System32\OLEAUT32.dll
0x00007ffd212f0000 - 0x00007ffd21322000 	C:\WINDOWS\SYSTEM32\dbgcore.DLL
0x00007ffd3efa0000 - 0x00007ffd3f01b000 	C:\WINDOWS\System32\bcryptPrimitives.dll
0x00007ffd05600000 - 0x00007ffd05625000 	C:\Users\ReddyJ\.jdks\corretto-17.0.11\bin\java.dll

dbghelp: loaded successfully - version: 4.0.5 - missing functions: none
symbol engine: initialized successfully - sym options: 0x614 - pdb path: .;C:\Users\ReddyJ\.jdks\corretto-17.0.11\bin;C:\WINDOWS\SYSTEM32;C:\WINDOWS\WinSxS\amd64_microsoft.windows.common-controls_6595b64144ccf1df_6.0.22621.3672_none_2713b9d173822955;C:\Program Files\Avecto\Privilege Guard Client;C:\Users\ReddyJ\.jdks\corretto-17.0.11\bin\server

VM Arguments:
jvm_args: -Dnet.bytebuddy.agent.attacher.dump= 
java_command: net.bytebuddy.agent.Attacher com.sun.tools.attach.VirtualMachine 10288 C:\Users\ReddyJ\.gradle\caches\modules-2\files-2.1\net.bytebuddy\byte-buddy-agent\1.14.10\90ed94ac044ea8953b224304c762316e91fd6b31\byte-buddy-agent-1.14.10.jar false 
java_class_path (initial): C:\Users\ReddyJ\.gradle\caches\modules-2\files-2.1\net.bytebuddy\byte-buddy-agent\1.14.10\90ed94ac044ea8953b224304c762316e91fd6b31\byte-buddy-agent-1.14.10.jar
Launcher Type: SUN_STANDARD

[Global flags]
     intx CICompilerCount                          = 4                                         {product} {ergonomic}
     uint ConcGCThreads                            = 2                                         {product} {ergonomic}
     uint G1ConcRefinementThreads                  = 8                                         {product} {ergonomic}
   size_t G1HeapRegionSize                         = 8388608                                   {product} {ergonomic}
    uintx GCDrainStackTargetSize                   = 64                                        {product} {ergonomic}
   size_t InitialHeapSize                          = 1073741824                                {product} {ergonomic}
   size_t MarkStackSize                            = 4194304                                   {product} {ergonomic}
   size_t MaxHeapSize                              = 17104371712                               {product} {ergonomic}
   size_t MinHeapDeltaBytes                        = 8388608                                   {product} {ergonomic}
   size_t MinHeapSize                              = 8388608                                   {product} {ergonomic}
    uintx NonNMethodCodeHeapSize                   = 5839372                                {pd product} {ergonomic}
    uintx NonProfiledCodeHeapSize                  = 122909434                              {pd product} {ergonomic}
    uintx ProfiledCodeHeapSize                     = 122909434                              {pd product} {ergonomic}
    uintx ReservedCodeCacheSize                    = 251658240                              {pd product} {ergonomic}
     bool SegmentedCodeCache                       = true                                      {product} {ergonomic}
   size_t SoftMaxHeapSize                          = 17104371712                            {manageable} {ergonomic}
     bool UseCompressedClassPointers               = true                           {product lp64_product} {ergonomic}
     bool UseCompressedOops                        = true                           {product lp64_product} {ergonomic}
     bool UseG1GC                                  = true                                      {product} {ergonomic}
     bool UseLargePagesIndividualAllocation        = false                                  {pd product} {ergonomic}

Logging:
Log output configuration:
 #0: stdout all=warning uptime,level,tags
 #1: stderr all=off uptime,level,tags

Environment Variables:
PATH=C:\Program Files (x86)\Microsoft SDKs\Azure\CLI2\wbin;C:\Program Files\Common Files\Oracle\Java\javapath;C:\WINDOWS\system32;C:\WINDOWS;C:\WINDOWS\System32\Wbem;C:\WINDOWS\System32\WindowsPowerShell\v1.0\;C:\WINDOWS\System32\OpenSSH\;C:\Program Files\Git\cmd;C:\Program Files\PuTTY\;C:\Program Files\nodejs\;;C:\Program Files\Wondershare\Wondershare DemoCreator;C:\Program Files\Docker\Docker\resources\bin;C:\Users\ReddyJ\scoop\shims;C:\Users\ReddyJ\AppData\Local\Microsoft\WindowsApps;C:\Users\ReddyJ\AppData\Local\GitHubDesktop\bin;C:\Program Files\JetBrains\IntelliJ IDEA 2023.1.2\bin;;C:\Users\ReddyJ\AppData\Roaming\npm;C:\Users\ReddyJ\AppData\Local\Programs\Microsoft VS Code\bin;C:\Users\ReddyJ\.azure-kubectl;C:\Users\ReddyJ\.azure-kubelogin;%USERPROFILE%\AppData\Local\Microsoft\WindowsApps
USERNAME=ReddyJ
OS=Windows_NT
PROCESSOR_IDENTIFIER=Intel64 Family 6 Model 140 Stepping 1, GenuineIntel
TMP=C:\Users\ReddyJ\AppData\Local\Temp
TEMP=C:\Users\ReddyJ\AppData\Local\Temp



Periodic native trim disabled


---------------  S Y S T E M  ---------------

OS:
 Windows 11 , 64 bit Build 22621 (10.0.22621.3672)
OS uptime: 7 days 4:44 hours
Hyper-V role detected

CPU: total 8 (initial active 8) (4 cores per cpu, 2 threads per core) family 6 model 140 stepping 1 microcode 0xb6, cx8, cmov, fxsr, ht, mmx, 3dnowpref, sse, sse2, sse3, ssse3, sse4.1, sse4.2, popcnt, lzcnt, tsc, tscinvbit, avx, avx2, aes, erms, clmul, bmi1, bmi2, adx, avx512f, avx512dq, avx512cd, avx512bw, avx512vl, sha, fma, vzeroupper, avx512_vpopcntdq, avx512_vpclmulqdq, avx512_vaes, avx512_vnni, clflush, clflushopt, clwb, avx512_vbmi2, avx512_vbmi, hv
Processor Information for all 8 processors :
  Max Mhz: 2803, Current Mhz: 2803, Mhz Limit: 2803

Memory: 4k page, system-wide physical 65216M (22103M free)
TotalPageFile size 126057M (AvailPageFile size 492M)
current process WorkingSet (physical memory assigned to process): 12M, peak: 12M
current process commit charge ("private bytes"): 61M, peak: 1085M

vm_info: OpenJDK 64-Bit Server VM (17.0.11+9-LTS) for windows-amd64 JRE (17.0.11+9-LTS), built on Apr 10 2024 22:12:24 by "Administrator" with MS VC++ 16.10 / 16.11 (VS2019)

END.
